<?xml version="1.0" encoding="UTF-8"?>
<!-- Generated by org.testng.reporters.JUnitReportReporter -->
<testsuite hostname="DESKTOP-JJ64RNE" failures="0" tests="9" name="runners.TestNGCucumberRunner" time="57.694" errors="0" timestamp="2026-01-11T20:42:48 EST" skipped="0">
  <testcase classname="runners.TestNGCucumberRunner" name="runScenario" time="6.595"/>
  <testcase classname="runners.TestNGCucumberRunner" name="runScenario" time="6.964"/>
  <testcase classname="runners.TestNGCucumberRunner" name="runScenario" time="5.214"/>
  <testcase classname="runners.TestNGCucumberRunner" name="runScenario" time="6.220"/>
  <testcase classname="runners.TestNGCucumberRunner" name="runScenario" time="5.397"/>
  <testcase classname="runners.TestNGCucumberRunner" name="runScenario" time="6.678"/>
  <testcase classname="runners.TestNGCucumberRunner" name="runScenario" time="9.225"/>
  <testcase classname="runners.TestNGCucumberRunner" name="runScenario" time="6.318"/>
  <testcase classname="runners.TestNGCucumberRunner" name="runScenario" time="5.083"/>
</testsuite> <!-- runners.TestNGCucumberRunner -->
